[debug] [2021-05-21T10:48:57.279Z] ----------------------------------------------------------------------
[debug] [2021-05-21T10:48:57.283Z] Command:       C:\Program Files\nodejs\node.exe C:\Users\eraktri\AppData\Roaming\npm\node_modules\firebase-tools\lib\bin\firebase.js init functions
[debug] [2021-05-21T10:48:57.284Z] CLI Version:   9.11.0
[debug] [2021-05-21T10:48:57.284Z] Platform:      win32
[debug] [2021-05-21T10:48:57.284Z] Node Version:  v14.16.1
[debug] [2021-05-21T10:48:57.286Z] Time:          Fri May 21 2021 16:18:57 GMT+0530 (India Standard Time)
[debug] [2021-05-21T10:48:57.287Z] ----------------------------------------------------------------------
[debug] 
[debug] [2021-05-21T10:48:57.302Z] > command requires scopes: ["email","openid","https://www.googleapis.com/auth/cloudplatformprojects.readonly","https://www.googleapis.com/auth/firebase","https://www.googleapis.com/auth/cloud-platform"]
[debug] [2021-05-21T10:48:57.302Z] > authorizing via signed-in user (tripathirakeshofficial@gmail.com)
[info] 
     ######## #### ########  ######## ########     ###     ######  ########
     ##        ##  ##     ## ##       ##     ##  ##   ##  ##       ##
     ######    ##  ########  ######   ########  #########  ######  ######
     ##        ##  ##    ##  ##       ##     ## ##     ##       ## ##
     ##       #### ##     ## ######## ########  ##     ##  ######  ########

You're about to initialize a Firebase project in this directory:

  C:\Users\eraktri\Documents\React Ebooks\ReactExamples\Amazon-full-stack\amazon-clone

Before we get started, keep in mind:

  * You are initializing in an existing Firebase project directory

[info] 
=== Project Setup
[info] 
[info] First, let's associate this project directory with a Firebase project.
[info] You can create multiple project aliases by running firebase use --add, 
[info] but for now we'll just set up a default project.
[info] 
[info] i  .firebaserc already has a default project, using challenge-c679c. 
[debug] [2021-05-21T10:48:59.164Z] > refreshing access token with scopes: []
[debug] [2021-05-21T10:48:59.165Z] >>> HTTP REQUEST POST https://www.googleapis.com/oauth2/v3/token  
 <request body omitted>
[debug] [2021-05-21T10:48:59.589Z] <<< HTTP RESPONSE 200 {"pragma":"no-cache","expires":"Mon, 01 Jan 1990 00:00:00 GMT","cache-control":"no-cache, no-store, max-age=0, must-revalidate","date":"Fri, 21 May 2021 10:48:59 GMT","content-type":"application/json; charset=utf-8","vary":"X-Origin, Referer, Origin,Accept-Encoding","server":"scaffolding on HTTPServer2","x-xss-protection":"0","x-frame-options":"SAMEORIGIN","x-content-type-options":"nosniff","alt-svc":"h3-29=\":443\"; ma=2592000,h3-T051=\":443\"; ma=2592000,h3-Q050=\":443\"; ma=2592000,h3-Q046=\":443\"; ma=2592000,h3-Q043=\":443\"; ma=2592000,quic=\":443\"; ma=2592000; v=\"46,43\"","accept-ranges":"none","transfer-encoding":"chunked"}
[debug] [2021-05-21T10:48:59.610Z] >>> [apiv2][query] GET https://firebase.googleapis.com/v1beta1/projects/challenge-c679c [none]
[debug] [2021-05-21T10:49:00.151Z] <<< [apiv2][status] GET https://firebase.googleapis.com/v1beta1/projects/challenge-c679c 200
[debug] [2021-05-21T10:49:00.151Z] <<< [apiv2][body] GET https://firebase.googleapis.com/v1beta1/projects/challenge-c679c {"projectId":"challenge-c679c","projectNumber":"1043994971434","displayName":"amazon-challenge","name":"projects/challenge-c679c","resources":{"hostingSite":"challenge-c679c","storageBucket":"challenge-c679c.appspot.com","locationId":"asia-southeast2"},"state":"ACTIVE"}
[info] 
=== Functions Setup
[info] 
[info] A functions directory will be created in your project with a Node.js
[info] package pre-configured. Functions can be deployed with firebase deploy.
[info] 
[debug] [2021-05-21T10:49:00.157Z] > command requires scopes: ["email","openid","https://www.googleapis.com/auth/cloudplatformprojects.readonly","https://www.googleapis.com/auth/firebase","https://www.googleapis.com/auth/cloud-platform"]
[debug] [2021-05-21T10:49:00.157Z] > authorizing via signed-in user (tripathirakeshofficial@gmail.com)
[debug] [2021-05-21T10:49:00.157Z] [iam] checking project challenge-c679c for permissions ["firebase.projects.get"]
[debug] [2021-05-21T10:49:00.158Z] > refreshing access token with scopes: ["email","https://www.googleapis.com/auth/cloud-platform","https://www.googleapis.com/auth/cloudplatformprojects.readonly","https://www.googleapis.com/auth/firebase","openid"]
[debug] [2021-05-21T10:49:00.159Z] >>> HTTP REQUEST POST https://www.googleapis.com/oauth2/v3/token  
 <request body omitted>
[debug] [2021-05-21T10:49:00.514Z] <<< HTTP RESPONSE 200 {"cache-control":"no-cache, no-store, max-age=0, must-revalidate","date":"Fri, 21 May 2021 10:49:00 GMT","expires":"Mon, 01 Jan 1990 00:00:00 GMT","pragma":"no-cache","content-type":"application/json; charset=utf-8","vary":"X-Origin, Referer, Origin,Accept-Encoding","server":"scaffolding on HTTPServer2","x-xss-protection":"0","x-frame-options":"SAMEORIGIN","x-content-type-options":"nosniff","alt-svc":"h3-29=\":443\"; ma=2592000,h3-T051=\":443\"; ma=2592000,h3-Q050=\":443\"; ma=2592000,h3-Q046=\":443\"; ma=2592000,h3-Q043=\":443\"; ma=2592000,quic=\":443\"; ma=2592000; v=\"46,43\"","accept-ranges":"none","transfer-encoding":"chunked"}
[debug] [2021-05-21T10:49:00.538Z] >>> HTTP REQUEST POST https://cloudresourcemanager.googleapis.com/v1/projects/challenge-c679c:testIamPermissions  
 {"permissions":["firebase.projects.get"]}
[debug] [2021-05-21T10:49:02.172Z] <<< HTTP RESPONSE 200 {"content-type":"application/json; charset=UTF-8","vary":"X-Origin, Referer, Origin,Accept-Encoding","date":"Fri, 21 May 2021 10:49:02 GMT","server":"ESF","cache-control":"private","x-xss-protection":"0","x-frame-options":"SAMEORIGIN","x-content-type-options":"nosniff","server-timing":"gfet4t7; dur=1316","alt-svc":"h3-29=\":443\"; ma=2592000,h3-T051=\":443\"; ma=2592000,h3-Q050=\":443\"; ma=2592000,h3-Q046=\":443\"; ma=2592000,h3-Q043=\":443\"; ma=2592000,quic=\":443\"; ma=2592000; v=\"46,43\"","accept-ranges":"none","transfer-encoding":"chunked"}
[debug] [2021-05-21T10:49:02.174Z] >>> HTTP REQUEST POST https://serviceusage.googleapis.com/v1/projects/challenge-c679c/services/cloudfunctions.googleapis.com:enable  
 
[debug] [2021-05-21T10:49:02.174Z] >>> HTTP REQUEST POST https://serviceusage.googleapis.com/v1/projects/challenge-c679c/services/runtimeconfig.googleapis.com:enable  
 
[debug] [2021-05-21T10:49:04.088Z] <<< HTTP RESPONSE 200 {"content-type":"application/json; charset=UTF-8","vary":"X-Origin, Referer, Origin,Accept-Encoding","date":"Fri, 21 May 2021 10:49:03 GMT","server":"ESF","cache-control":"private","x-xss-protection":"0","x-frame-options":"SAMEORIGIN","x-content-type-options":"nosniff","alt-svc":"h3-29=\":443\"; ma=2592000,h3-T051=\":443\"; ma=2592000,h3-Q050=\":443\"; ma=2592000,h3-Q046=\":443\"; ma=2592000,h3-Q043=\":443\"; ma=2592000,quic=\":443\"; ma=2592000; v=\"46,43\"","accept-ranges":"none","transfer-encoding":"chunked"}
[debug] [2021-05-21T10:49:04.090Z] <<< HTTP RESPONSE 200 {"content-type":"application/json; charset=UTF-8","vary":"X-Origin, Referer, Origin,Accept-Encoding","date":"Fri, 21 May 2021 10:49:03 GMT","server":"ESF","cache-control":"private","x-xss-protection":"0","x-frame-options":"SAMEORIGIN","x-content-type-options":"nosniff","alt-svc":"h3-29=\":443\"; ma=2592000,h3-T051=\":443\"; ma=2592000,h3-Q050=\":443\"; ma=2592000,h3-Q046=\":443\"; ma=2592000,h3-Q043=\":443\"; ma=2592000,quic=\":443\"; ma=2592000; v=\"46,43\"","accept-ranges":"none","transfer-encoding":"chunked"}
[debug] [2021-05-21T10:51:22.564Z] ----------------------------------------------------------------------
[debug] [2021-05-21T10:51:22.569Z] Command:       C:\Program Files\nodejs\node.exe C:\Users\eraktri\AppData\Roaming\npm\node_modules\firebase-tools\lib\bin\firebase.js emulators:start
[debug] [2021-05-21T10:51:22.570Z] CLI Version:   9.11.0
[debug] [2021-05-21T10:51:22.570Z] Platform:      win32
[debug] [2021-05-21T10:51:22.570Z] Node Version:  v14.16.1
[debug] [2021-05-21T10:51:22.573Z] Time:          Fri May 21 2021 16:21:22 GMT+0530 (India Standard Time)
[debug] [2021-05-21T10:51:22.573Z] ----------------------------------------------------------------------
[debug] 
[debug] [2021-05-21T10:51:22.591Z] > command requires scopes: ["email","openid","https://www.googleapis.com/auth/cloudplatformprojects.readonly","https://www.googleapis.com/auth/firebase","https://www.googleapis.com/auth/cloud-platform"]
[debug] [2021-05-21T10:51:22.591Z] > authorizing via signed-in user (tripathirakeshofficial@gmail.com)
[info] i  emulators: Starting emulators: functions, hosting {"metadata":{"emulator":{"name":"hub"},"message":"Starting emulators: functions, hosting"}}
[debug] [2021-05-21T10:51:22.665Z] [hub] writing locator at C:\Users\eraktri\AppData\Local\Temp\hub-challenge-c679c.json
[warn] !  functions: The following emulators are not running, calls to these services from the Functions emulator will affect production: auth, firestore, database, pubsub, storage {"metadata":{"emulator":{"name":"functions"},"message":"The following emulators are not running, calls to these services from the Functions emulator will affect production: \u001b[1mauth, firestore, database, pubsub, storage\u001b[22m"}}
[warn] !  Your requested "node" version "12" doesn't match your global version "14" {"metadata":{"emulator":{"name":"functions"},"message":"Your requested \"node\" version \"12\" doesn't match your global version \"14\""}}
[debug] [2021-05-21T10:51:22.734Z] defaultcredentials: writing to file C:\Users\eraktri\AppData\Roaming\firebase\tripathirakeshofficial_gmail_com_application_default_credentials.json
[debug] [2021-05-21T10:51:22.739Z] Setting GAC to C:\Users\eraktri\AppData\Roaming\firebase\tripathirakeshofficial_gmail_com_application_default_credentials.json {"metadata":{"emulator":{"name":"functions"},"message":"Setting GAC to C:\\Users\\eraktri\\AppData\\Roaming\\firebase\\tripathirakeshofficial_gmail_com_application_default_credentials.json"}}
[debug] [2021-05-21T10:51:22.743Z] > refreshing access token with scopes: []
[debug] [2021-05-21T10:51:22.744Z] >>> HTTP REQUEST POST https://www.googleapis.com/oauth2/v3/token  
 <request body omitted>
[debug] [2021-05-21T10:51:23.067Z] <<< HTTP RESPONSE 200 {"date":"Fri, 21 May 2021 10:51:23 GMT","cache-control":"no-cache, no-store, max-age=0, must-revalidate","expires":"Mon, 01 Jan 1990 00:00:00 GMT","pragma":"no-cache","content-type":"application/json; charset=utf-8","vary":"X-Origin, Referer, Origin,Accept-Encoding","server":"scaffolding on HTTPServer2","x-xss-protection":"0","x-frame-options":"SAMEORIGIN","x-content-type-options":"nosniff","alt-svc":"h3-29=\":443\"; ma=2592000,h3-T051=\":443\"; ma=2592000,h3-Q050=\":443\"; ma=2592000,h3-Q046=\":443\"; ma=2592000,h3-Q043=\":443\"; ma=2592000,quic=\":443\"; ma=2592000; v=\"46,43\"","accept-ranges":"none","transfer-encoding":"chunked"}
[debug] [2021-05-21T10:51:23.100Z] >>> [apiv2][query] GET https://firebase.googleapis.com/v1beta1/projects/challenge-c679c/adminSdkConfig [none]
[debug] [2021-05-21T10:51:23.813Z] <<< [apiv2][status] GET https://firebase.googleapis.com/v1beta1/projects/challenge-c679c/adminSdkConfig 200
[debug] [2021-05-21T10:51:23.813Z] <<< [apiv2][body] GET https://firebase.googleapis.com/v1beta1/projects/challenge-c679c/adminSdkConfig {"projectId":"challenge-c679c","storageBucket":"challenge-c679c.appspot.com","locationId":"asia-southeast2"}
[debug] [2021-05-21T10:51:23.843Z] >>> [apiv2][query] GET https://firebasehosting.googleapis.com/v1beta1/projects/challenge-c679c/sites 
[debug] [2021-05-21T10:51:25.778Z] <<< [apiv2][status] GET https://firebasehosting.googleapis.com/v1beta1/projects/challenge-c679c/sites 200
[debug] [2021-05-21T10:51:25.778Z] <<< [apiv2][body] GET https://firebasehosting.googleapis.com/v1beta1/projects/challenge-c679c/sites {"sites":[{"name":"projects/1043994971434/sites/challenge-c679c","defaultUrl":"https://challenge-c679c.web.app","appId":"1:1043994971434:web:e5d9b34ca4f05b71742253","type":"DEFAULT_SITE"}]}
[debug] [2021-05-21T10:51:25.778Z] >>> [apiv2][query] GET https://firebase.googleapis.com/v1beta1/projects/challenge-c679c/webApps/1:1043994971434:web:e5d9b34ca4f05b71742253/config [none]
[debug] [2021-05-21T10:51:27.245Z] <<< [apiv2][status] GET https://firebase.googleapis.com/v1beta1/projects/challenge-c679c/webApps/1:1043994971434:web:e5d9b34ca4f05b71742253/config 200
[debug] [2021-05-21T10:51:27.245Z] <<< [apiv2][body] GET https://firebase.googleapis.com/v1beta1/projects/challenge-c679c/webApps/1:1043994971434:web:e5d9b34ca4f05b71742253/config {"projectId":"challenge-c679c","appId":"1:1043994971434:web:e5d9b34ca4f05b71742253","storageBucket":"challenge-c679c.appspot.com","locationId":"asia-southeast2","apiKey":"AIzaSyBKSpjaiwdCIGJXKB6abPdonnmhB1jzlfg","authDomain":"challenge-c679c.firebaseapp.com","messagingSenderId":"1043994971434","measurementId":"G-JB7863E7ME"}
[info] i  hosting: Serving hosting files from: build {"metadata":{"emulator":{"name":"hosting"},"message":"Serving hosting files from: \u001b[1mbuild\u001b[22m"}}
[info] +  hosting: Local server: http://localhost:5000 {"metadata":{"emulator":{"name":"hosting"},"message":"Local server: \u001b[4m\u001b[1mhttp://localhost:5000\u001b[22m\u001b[24m"}}
[debug] [2021-05-21T10:51:27.310Z] Ignoring unsupported arg: auto_download {"metadata":{"emulator":{"name":"ui"},"message":"Ignoring unsupported arg: auto_download"}}
[debug] [2021-05-21T10:51:27.311Z] Ignoring unsupported arg: port {"metadata":{"emulator":{"name":"ui"},"message":"Ignoring unsupported arg: port"}}
[debug] [2021-05-21T10:51:27.311Z] Starting Emulator UI with command {"binary":"node","args":["C:\\Users\\eraktri\\.cache\\firebase\\emulators\\ui-v1.5.0\\server.bundle.js"],"optionalArgs":[],"joinArgs":false} {"metadata":{"emulator":{"name":"ui"},"message":"Starting Emulator UI with command {\"binary\":\"node\",\"args\":[\"C:\\\\Users\\\\eraktri\\\\.cache\\\\firebase\\\\emulators\\\\ui-v1.5.0\\\\server.bundle.js\"],\"optionalArgs\":[],\"joinArgs\":false}"}}
[info] i  ui: Emulator UI logging to ui-debug.log {"metadata":{"emulator":{"name":"ui"},"message":"Emulator UI logging to \u001b[1mui-debug.log\u001b[22m"}}
[debug] [2021-05-21T10:51:27.745Z] Web / API server started at http://localhost:4000
 {"metadata":{"emulator":{"name":"ui"},"message":"Web / API server started at http://localhost:4000\n"}}
[info] i  functions: Watching "C:\Users\eraktri\Documents\React Ebooks\ReactExamples\Amazon-full-stack\amazon-clone\functions" for Cloud Functions... {"metadata":{"emulator":{"name":"functions"},"message":"Watching \"C:\\Users\\eraktri\\Documents\\React Ebooks\\ReactExamples\\Amazon-full-stack\\amazon-clone\\functions\" for Cloud Functions..."}}
[debug] [2021-05-21T10:51:28.072Z] [worker-pool] addWorker(~diagnostic~) {"metadata":{"emulator":{"name":"functions"},"message":"[worker-pool] addWorker(~diagnostic~)"}}
[debug] [2021-05-21T10:51:28.073Z] [worker-pool] Adding worker with key ~diagnostic~, total=1 {"metadata":{"emulator":{"name":"functions"},"message":"[worker-pool] Adding worker with key ~diagnostic~, total=1"}}
[debug] [2021-05-21T10:51:28.074Z] [worker-pool] submitWork(triggerId=) {"metadata":{"emulator":{"name":"functions"},"message":"[worker-pool] submitWork(triggerId=)"}}
[debug] [2021-05-21T10:51:28.075Z] [worker-~diagnostic~-3493125f-6816-4a6a-bbd0-dff9698e11f5]: Assigning socketPath: \\?\pipe\C:\Users\eraktri\Documents\React Ebooks\ReactExamples\Amazon-full-stack\amazon-clone\functions\18296 {"metadata":{"emulator":{"name":"functions"},"message":"[worker-~diagnostic~-3493125f-6816-4a6a-bbd0-dff9698e11f5]: Assigning socketPath: \\\\?\\pipe\\C:\\Users\\eraktri\\Documents\\React Ebooks\\ReactExamples\\Amazon-full-stack\\amazon-clone\\functions\\18296"}}
[debug] [2021-05-21T10:51:28.076Z] [worker-~diagnostic~-3493125f-6816-4a6a-bbd0-dff9698e11f5]: BUSY {"metadata":{"emulator":{"name":"functions"},"message":"[worker-~diagnostic~-3493125f-6816-4a6a-bbd0-dff9698e11f5]: BUSY"}}
[debug] [2021-05-21T10:51:28.572Z] [runtime-status] [18296] Functions runtime initialized. {"cwd":"C:\\Users\\eraktri\\Documents\\React Ebooks\\ReactExamples\\Amazon-full-stack\\amazon-clone\\functions","node_version":"14.16.1"} {"metadata":{"emulator":{"name":"functions"},"message":"[runtime-status] [18296] Functions runtime initialized. {\"cwd\":\"C:\\\\Users\\\\eraktri\\\\Documents\\\\React Ebooks\\\\ReactExamples\\\\Amazon-full-stack\\\\amazon-clone\\\\functions\",\"node_version\":\"14.16.1\"}"}}
[debug] [2021-05-21T10:51:28.573Z] [runtime-status] [18296] Disabled runtime features: undefined {"metadata":{"emulator":{"name":"functions"},"message":"[runtime-status] [18296] Disabled runtime features: undefined"}}
[debug] [2021-05-21T10:51:28.582Z] [runtime-status] [18296] Resolved module firebase-admin {"declared":true,"installed":true,"version":"9.8.0","resolution":"C:\\Users\\eraktri\\Documents\\React Ebooks\\ReactExamples\\Amazon-full-stack\\amazon-clone\\functions\\node_modules\\firebase-admin\\lib\\index.js"} {"metadata":{"emulator":{"name":"functions"},"message":"[runtime-status] [18296] Resolved module firebase-admin {\"declared\":true,\"installed\":true,\"version\":\"9.8.0\",\"resolution\":\"C:\\\\Users\\\\eraktri\\\\Documents\\\\React Ebooks\\\\ReactExamples\\\\Amazon-full-stack\\\\amazon-clone\\\\functions\\\\node_modules\\\\firebase-admin\\\\lib\\\\index.js\"}"}}
[debug] [2021-05-21T10:51:28.588Z] [runtime-status] [18296] Resolved module firebase-functions {"declared":true,"installed":true,"version":"3.14.1","resolution":"C:\\Users\\eraktri\\Documents\\React Ebooks\\ReactExamples\\Amazon-full-stack\\amazon-clone\\functions\\node_modules\\firebase-functions\\lib\\index.js"} {"metadata":{"emulator":{"name":"functions"},"message":"[runtime-status] [18296] Resolved module firebase-functions {\"declared\":true,\"installed\":true,\"version\":\"3.14.1\",\"resolution\":\"C:\\\\Users\\\\eraktri\\\\Documents\\\\React Ebooks\\\\ReactExamples\\\\Amazon-full-stack\\\\amazon-clone\\\\functions\\\\node_modules\\\\firebase-functions\\\\lib\\\\index.js\"}"}}
[debug] [2021-05-21T10:51:28.592Z] [runtime-status] [18296] Resolved module firebase-functions {"declared":true,"installed":true,"version":"3.14.1","resolution":"C:\\Users\\eraktri\\Documents\\React Ebooks\\ReactExamples\\Amazon-full-stack\\amazon-clone\\functions\\node_modules\\firebase-functions\\lib\\index.js"} {"metadata":{"emulator":{"name":"functions"},"message":"[runtime-status] [18296] Resolved module firebase-functions {\"declared\":true,\"installed\":true,\"version\":\"3.14.1\",\"resolution\":\"C:\\\\Users\\\\eraktri\\\\Documents\\\\React Ebooks\\\\ReactExamples\\\\Amazon-full-stack\\\\amazon-clone\\\\functions\\\\node_modules\\\\firebase-functions\\\\lib\\\\index.js\"}"}}
[debug] [2021-05-21T10:51:28.598Z] [runtime-status] [18296] Outgoing network have been stubbed. [{"name":"http","status":"mocked"},{"name":"http","status":"mocked"},{"name":"https","status":"mocked"},{"name":"https","status":"mocked"},{"name":"net","status":"mocked"}] {"metadata":{"emulator":{"name":"functions"},"message":"[runtime-status] [18296] Outgoing network have been stubbed. [{\"name\":\"http\",\"status\":\"mocked\"},{\"name\":\"http\",\"status\":\"mocked\"},{\"name\":\"https\",\"status\":\"mocked\"},{\"name\":\"https\",\"status\":\"mocked\"},{\"name\":\"net\",\"status\":\"mocked\"}]"}}
[debug] [2021-05-21T10:51:28.600Z] [runtime-status] [18296] Resolved module firebase-functions {"declared":true,"installed":true,"version":"3.14.1","resolution":"C:\\Users\\eraktri\\Documents\\React Ebooks\\ReactExamples\\Amazon-full-stack\\amazon-clone\\functions\\node_modules\\firebase-functions\\lib\\index.js"} {"metadata":{"emulator":{"name":"functions"},"message":"[runtime-status] [18296] Resolved module firebase-functions {\"declared\":true,\"installed\":true,\"version\":\"3.14.1\",\"resolution\":\"C:\\\\Users\\\\eraktri\\\\Documents\\\\React Ebooks\\\\ReactExamples\\\\Amazon-full-stack\\\\amazon-clone\\\\functions\\\\node_modules\\\\firebase-functions\\\\lib\\\\index.js\"}"}}
[debug] [2021-05-21T10:51:28.764Z] [runtime-status] [18296] Checked functions.config() {"config":{}} {"metadata":{"emulator":{"name":"functions"},"message":"[runtime-status] [18296] Checked functions.config() {\"config\":{}}"}}
[debug] [2021-05-21T10:51:28.765Z] [runtime-status] [18296] firebase-functions has been stubbed. {"functionsResolution":{"declared":true,"installed":true,"version":"3.14.1","resolution":"C:\\Users\\eraktri\\Documents\\React Ebooks\\ReactExamples\\Amazon-full-stack\\amazon-clone\\functions\\node_modules\\firebase-functions\\lib\\index.js"}} {"metadata":{"emulator":{"name":"functions"},"message":"[runtime-status] [18296] firebase-functions has been stubbed. {\"functionsResolution\":{\"declared\":true,\"installed\":true,\"version\":\"3.14.1\",\"resolution\":\"C:\\\\Users\\\\eraktri\\\\Documents\\\\React Ebooks\\\\ReactExamples\\\\Amazon-full-stack\\\\amazon-clone\\\\functions\\\\node_modules\\\\firebase-functions\\\\lib\\\\index.js\"}}"}}
[debug] [2021-05-21T10:51:28.767Z] [runtime-status] [18296] Resolved module firebase-functions {"declared":true,"installed":true,"version":"3.14.1","resolution":"C:\\Users\\eraktri\\Documents\\React Ebooks\\ReactExamples\\Amazon-full-stack\\amazon-clone\\functions\\node_modules\\firebase-functions\\lib\\index.js"} {"metadata":{"emulator":{"name":"functions"},"message":"[runtime-status] [18296] Resolved module firebase-functions {\"declared\":true,\"installed\":true,\"version\":\"3.14.1\",\"resolution\":\"C:\\\\Users\\\\eraktri\\\\Documents\\\\React Ebooks\\\\ReactExamples\\\\Amazon-full-stack\\\\amazon-clone\\\\functions\\\\node_modules\\\\firebase-functions\\\\lib\\\\index.js\"}"}}
[debug] [2021-05-21T10:51:28.769Z] [runtime-status] [18296] Resolved module firebase-admin {"declared":true,"installed":true,"version":"9.8.0","resolution":"C:\\Users\\eraktri\\Documents\\React Ebooks\\ReactExamples\\Amazon-full-stack\\amazon-clone\\functions\\node_modules\\firebase-admin\\lib\\index.js"} {"metadata":{"emulator":{"name":"functions"},"message":"[runtime-status] [18296] Resolved module firebase-admin {\"declared\":true,\"installed\":true,\"version\":\"9.8.0\",\"resolution\":\"C:\\\\Users\\\\eraktri\\\\Documents\\\\React Ebooks\\\\ReactExamples\\\\Amazon-full-stack\\\\amazon-clone\\\\functions\\\\node_modules\\\\firebase-admin\\\\lib\\\\index.js\"}"}}
[debug] [2021-05-21T10:51:28.771Z] [runtime-status] [18296] Resolved module firebase-functions {"declared":true,"installed":true,"version":"3.14.1","resolution":"C:\\Users\\eraktri\\Documents\\React Ebooks\\ReactExamples\\Amazon-full-stack\\amazon-clone\\functions\\node_modules\\firebase-functions\\lib\\index.js"} {"metadata":{"emulator":{"name":"functions"},"message":"[runtime-status] [18296] Resolved module firebase-functions {\"declared\":true,\"installed\":true,\"version\":\"3.14.1\",\"resolution\":\"C:\\\\Users\\\\eraktri\\\\Documents\\\\React Ebooks\\\\ReactExamples\\\\Amazon-full-stack\\\\amazon-clone\\\\functions\\\\node_modules\\\\firebase-functions\\\\lib\\\\index.js\"}"}}
[debug] [2021-05-21T10:51:28.772Z] [runtime-status] [18296] firebase-admin has been stubbed. {"adminResolution":{"declared":true,"installed":true,"version":"9.8.0","resolution":"C:\\Users\\eraktri\\Documents\\React Ebooks\\ReactExamples\\Amazon-full-stack\\amazon-clone\\functions\\node_modules\\firebase-admin\\lib\\index.js"}} {"metadata":{"emulator":{"name":"functions"},"message":"[runtime-status] [18296] firebase-admin has been stubbed. {\"adminResolution\":{\"declared\":true,\"installed\":true,\"version\":\"9.8.0\",\"resolution\":\"C:\\\\Users\\\\eraktri\\\\Documents\\\\React Ebooks\\\\ReactExamples\\\\Amazon-full-stack\\\\amazon-clone\\\\functions\\\\node_modules\\\\firebase-admin\\\\lib\\\\index.js\"}}"}}
[info] +  functions[api]: http function initialized (http://localhost:5001/challenge-c679c/us-central1/api). {"metadata":{"emulator":{"name":"functions"},"message":"\u001b[1mhttp\u001b[22m function initialized (http://localhost:5001/challenge-c679c/us-central1/api)."}}
[info] 
┌─────────────────────────────────────────────────────────────┐
│ ✔  All emulators ready! It is now safe to connect your app. │
│ i  View Emulator UI at http://localhost:4000                │
└─────────────────────────────────────────────────────────────┘

┌───────────┬────────────────┬─────────────────────────────────┐
│ Emulator  │ Host:Port      │ View in Emulator UI             │
├───────────┼────────────────┼─────────────────────────────────┤
│ Functions │ localhost:5001 │ http://localhost:4000/functions │
├───────────┼────────────────┼─────────────────────────────────┤
│ Hosting   │ localhost:5000 │ n/a                             │
└───────────┴────────────────┴─────────────────────────────────┘
  Emulator Hub running at localhost:4400
  Other reserved ports: 4500

Issues? Report them at https://github.com/firebase/firebase-tools/issues and attach the *-debug.log files.
 
[debug] [2021-05-21T10:51:29.326Z] [worker-~diagnostic~-3493125f-6816-4a6a-bbd0-dff9698e11f5]: IDLE {"metadata":{"emulator":{"name":"functions"},"message":"[worker-~diagnostic~-3493125f-6816-4a6a-bbd0-dff9698e11f5]: IDLE"}}
[debug] [2021-05-21T10:51:46.540Z] [work-queue] {"queueLength":1,"workRunningCount":0}
[debug] [2021-05-21T10:51:46.541Z] [work-queue] {"queueLength":0,"workRunningCount":1}
[debug] [2021-05-21T10:51:46.541Z] Accepted request POST /challenge-c679c/us-central1/api/payments/create?total=23900 --> api
[debug] [2021-05-21T10:51:46.692Z] [worker-pool] addWorker(api) {"metadata":{"emulator":{"name":"functions"},"message":"[worker-pool] addWorker(api)"}}
[debug] [2021-05-21T10:51:46.693Z] [worker-pool] Adding worker with key api, total=1 {"metadata":{"emulator":{"name":"functions"},"message":"[worker-pool] Adding worker with key api, total=1"}}
[debug] [2021-05-21T10:51:46.693Z] [worker-pool] submitWork(triggerId=api) {"metadata":{"emulator":{"name":"functions"},"message":"[worker-pool] submitWork(triggerId=api)"}}
[debug] [2021-05-21T10:51:46.694Z] [worker-api-f07ff703-8fcc-4072-87d1-0c40e53fa123]: Assigning socketPath: \\?\pipe\C:\Users\eraktri\Documents\React Ebooks\ReactExamples\Amazon-full-stack\amazon-clone\functions\9636 {"metadata":{"emulator":{"name":"functions"},"message":"[worker-api-f07ff703-8fcc-4072-87d1-0c40e53fa123]: Assigning socketPath: \\\\?\\pipe\\C:\\Users\\eraktri\\Documents\\React Ebooks\\ReactExamples\\Amazon-full-stack\\amazon-clone\\functions\\9636"}}
[debug] [2021-05-21T10:51:46.694Z] [worker-api-f07ff703-8fcc-4072-87d1-0c40e53fa123]: BUSY {"metadata":{"emulator":{"name":"functions"},"message":"[worker-api-f07ff703-8fcc-4072-87d1-0c40e53fa123]: BUSY"}}
[debug] [2021-05-21T10:51:47.402Z] [runtime-status] [9636] Functions runtime initialized. {"cwd":"C:\\Users\\eraktri\\Documents\\React Ebooks\\ReactExamples\\Amazon-full-stack\\amazon-clone\\functions","node_version":"14.16.1"} {"metadata":{"emulator":{"name":"functions"},"function":{"name":"api"},"message":"[runtime-status] [9636] Functions runtime initialized. {\"cwd\":\"C:\\\\Users\\\\eraktri\\\\Documents\\\\React Ebooks\\\\ReactExamples\\\\Amazon-full-stack\\\\amazon-clone\\\\functions\",\"node_version\":\"14.16.1\"}"}}
[debug] [2021-05-21T10:51:47.405Z] [runtime-status] [9636] Disabled runtime features: undefined {"metadata":{"emulator":{"name":"functions"},"function":{"name":"api"},"message":"[runtime-status] [9636] Disabled runtime features: undefined"}}
[debug] [2021-05-21T10:51:47.414Z] [runtime-status] [9636] Resolved module firebase-admin {"declared":true,"installed":true,"version":"9.8.0","resolution":"C:\\Users\\eraktri\\Documents\\React Ebooks\\ReactExamples\\Amazon-full-stack\\amazon-clone\\functions\\node_modules\\firebase-admin\\lib\\index.js"} {"metadata":{"emulator":{"name":"functions"},"function":{"name":"api"},"message":"[runtime-status] [9636] Resolved module firebase-admin {\"declared\":true,\"installed\":true,\"version\":\"9.8.0\",\"resolution\":\"C:\\\\Users\\\\eraktri\\\\Documents\\\\React Ebooks\\\\ReactExamples\\\\Amazon-full-stack\\\\amazon-clone\\\\functions\\\\node_modules\\\\firebase-admin\\\\lib\\\\index.js\"}"}}
[debug] [2021-05-21T10:51:47.419Z] [runtime-status] [9636] Resolved module firebase-functions {"declared":true,"installed":true,"version":"3.14.1","resolution":"C:\\Users\\eraktri\\Documents\\React Ebooks\\ReactExamples\\Amazon-full-stack\\amazon-clone\\functions\\node_modules\\firebase-functions\\lib\\index.js"} {"metadata":{"emulator":{"name":"functions"},"function":{"name":"api"},"message":"[runtime-status] [9636] Resolved module firebase-functions {\"declared\":true,\"installed\":true,\"version\":\"3.14.1\",\"resolution\":\"C:\\\\Users\\\\eraktri\\\\Documents\\\\React Ebooks\\\\ReactExamples\\\\Amazon-full-stack\\\\amazon-clone\\\\functions\\\\node_modules\\\\firebase-functions\\\\lib\\\\index.js\"}"}}
[debug] [2021-05-21T10:51:47.424Z] [runtime-status] [9636] Resolved module firebase-functions {"declared":true,"installed":true,"version":"3.14.1","resolution":"C:\\Users\\eraktri\\Documents\\React Ebooks\\ReactExamples\\Amazon-full-stack\\amazon-clone\\functions\\node_modules\\firebase-functions\\lib\\index.js"} {"metadata":{"emulator":{"name":"functions"},"function":{"name":"api"},"message":"[runtime-status] [9636] Resolved module firebase-functions {\"declared\":true,\"installed\":true,\"version\":\"3.14.1\",\"resolution\":\"C:\\\\Users\\\\eraktri\\\\Documents\\\\React Ebooks\\\\ReactExamples\\\\Amazon-full-stack\\\\amazon-clone\\\\functions\\\\node_modules\\\\firebase-functions\\\\lib\\\\index.js\"}"}}
[debug] [2021-05-21T10:51:47.428Z] [runtime-status] [9636] Outgoing network have been stubbed. [{"name":"http","status":"mocked"},{"name":"http","status":"mocked"},{"name":"https","status":"mocked"},{"name":"https","status":"mocked"},{"name":"net","status":"mocked"}] {"metadata":{"emulator":{"name":"functions"},"function":{"name":"api"},"message":"[runtime-status] [9636] Outgoing network have been stubbed. [{\"name\":\"http\",\"status\":\"mocked\"},{\"name\":\"http\",\"status\":\"mocked\"},{\"name\":\"https\",\"status\":\"mocked\"},{\"name\":\"https\",\"status\":\"mocked\"},{\"name\":\"net\",\"status\":\"mocked\"}]"}}
[debug] [2021-05-21T10:51:47.429Z] [runtime-status] [9636] Resolved module firebase-functions {"declared":true,"installed":true,"version":"3.14.1","resolution":"C:\\Users\\eraktri\\Documents\\React Ebooks\\ReactExamples\\Amazon-full-stack\\amazon-clone\\functions\\node_modules\\firebase-functions\\lib\\index.js"} {"metadata":{"emulator":{"name":"functions"},"function":{"name":"api"},"message":"[runtime-status] [9636] Resolved module firebase-functions {\"declared\":true,\"installed\":true,\"version\":\"3.14.1\",\"resolution\":\"C:\\\\Users\\\\eraktri\\\\Documents\\\\React Ebooks\\\\ReactExamples\\\\Amazon-full-stack\\\\amazon-clone\\\\functions\\\\node_modules\\\\firebase-functions\\\\lib\\\\index.js\"}"}}
[debug] [2021-05-21T10:51:47.564Z] [runtime-status] [9636] Checked functions.config() {"config":{}} {"metadata":{"emulator":{"name":"functions"},"function":{"name":"api"},"message":"[runtime-status] [9636] Checked functions.config() {\"config\":{}}"}}
[debug] [2021-05-21T10:51:47.565Z] [runtime-status] [9636] firebase-functions has been stubbed. {"functionsResolution":{"declared":true,"installed":true,"version":"3.14.1","resolution":"C:\\Users\\eraktri\\Documents\\React Ebooks\\ReactExamples\\Amazon-full-stack\\amazon-clone\\functions\\node_modules\\firebase-functions\\lib\\index.js"}} {"metadata":{"emulator":{"name":"functions"},"function":{"name":"api"},"message":"[runtime-status] [9636] firebase-functions has been stubbed. {\"functionsResolution\":{\"declared\":true,\"installed\":true,\"version\":\"3.14.1\",\"resolution\":\"C:\\\\Users\\\\eraktri\\\\Documents\\\\React Ebooks\\\\ReactExamples\\\\Amazon-full-stack\\\\amazon-clone\\\\functions\\\\node_modules\\\\firebase-functions\\\\lib\\\\index.js\"}}"}}
[debug] [2021-05-21T10:51:47.567Z] [runtime-status] [9636] Resolved module firebase-functions {"declared":true,"installed":true,"version":"3.14.1","resolution":"C:\\Users\\eraktri\\Documents\\React Ebooks\\ReactExamples\\Amazon-full-stack\\amazon-clone\\functions\\node_modules\\firebase-functions\\lib\\index.js"} {"metadata":{"emulator":{"name":"functions"},"function":{"name":"api"},"message":"[runtime-status] [9636] Resolved module firebase-functions {\"declared\":true,\"installed\":true,\"version\":\"3.14.1\",\"resolution\":\"C:\\\\Users\\\\eraktri\\\\Documents\\\\React Ebooks\\\\ReactExamples\\\\Amazon-full-stack\\\\amazon-clone\\\\functions\\\\node_modules\\\\firebase-functions\\\\lib\\\\index.js\"}"}}
[debug] [2021-05-21T10:51:47.570Z] [runtime-status] [9636] Resolved module firebase-admin {"declared":true,"installed":true,"version":"9.8.0","resolution":"C:\\Users\\eraktri\\Documents\\React Ebooks\\ReactExamples\\Amazon-full-stack\\amazon-clone\\functions\\node_modules\\firebase-admin\\lib\\index.js"} {"metadata":{"emulator":{"name":"functions"},"function":{"name":"api"},"message":"[runtime-status] [9636] Resolved module firebase-admin {\"declared\":true,\"installed\":true,\"version\":\"9.8.0\",\"resolution\":\"C:\\\\Users\\\\eraktri\\\\Documents\\\\React Ebooks\\\\ReactExamples\\\\Amazon-full-stack\\\\amazon-clone\\\\functions\\\\node_modules\\\\firebase-admin\\\\lib\\\\index.js\"}"}}
[debug] [2021-05-21T10:51:47.571Z] [runtime-status] [9636] Resolved module firebase-functions {"declared":true,"installed":true,"version":"3.14.1","resolution":"C:\\Users\\eraktri\\Documents\\React Ebooks\\ReactExamples\\Amazon-full-stack\\amazon-clone\\functions\\node_modules\\firebase-functions\\lib\\index.js"} {"metadata":{"emulator":{"name":"functions"},"function":{"name":"api"},"message":"[runtime-status] [9636] Resolved module firebase-functions {\"declared\":true,\"installed\":true,\"version\":\"3.14.1\",\"resolution\":\"C:\\\\Users\\\\eraktri\\\\Documents\\\\React Ebooks\\\\ReactExamples\\\\Amazon-full-stack\\\\amazon-clone\\\\functions\\\\node_modules\\\\firebase-functions\\\\lib\\\\index.js\"}"}}
[debug] [2021-05-21T10:51:47.571Z] [runtime-status] [9636] firebase-admin has been stubbed. {"adminResolution":{"declared":true,"installed":true,"version":"9.8.0","resolution":"C:\\Users\\eraktri\\Documents\\React Ebooks\\ReactExamples\\Amazon-full-stack\\amazon-clone\\functions\\node_modules\\firebase-admin\\lib\\index.js"}} {"metadata":{"emulator":{"name":"functions"},"function":{"name":"api"},"message":"[runtime-status] [9636] firebase-admin has been stubbed. {\"adminResolution\":{\"declared\":true,\"installed\":true,\"version\":\"9.8.0\",\"resolution\":\"C:\\\\Users\\\\eraktri\\\\Documents\\\\React Ebooks\\\\ReactExamples\\\\Amazon-full-stack\\\\amazon-clone\\\\functions\\\\node_modules\\\\firebase-admin\\\\lib\\\\index.js\"}}"}}
[debug] [2021-05-21T10:51:48.112Z] [runtime-status] [9636] Trigger "api" has been found, beginning invocation! {"metadata":{"emulator":{"name":"functions"},"function":{"name":"api"},"message":"[runtime-status] [9636] Trigger \"api\" has been found, beginning invocation!"}}
[info] i  functions: Beginning execution of "api" {"metadata":{"emulator":{"name":"functions"},"function":{"name":"api"},"message":"Beginning execution of \"api\""}}
[debug] [2021-05-21T10:51:48.114Z] [runtime-status] [9636] triggerDefinition {"httpsTrigger":{},"name":"api","entryPoint":"api"} {"metadata":{"emulator":{"name":"functions"},"function":{"name":"api"},"message":"[runtime-status] [9636] triggerDefinition {\"httpsTrigger\":{},\"name\":\"api\",\"entryPoint\":\"api\"}"}}
[debug] [2021-05-21T10:51:48.115Z] [runtime-status] [9636] Running api in mode HTTPS {"metadata":{"emulator":{"name":"functions"},"function":{"name":"api"},"message":"[runtime-status] [9636] Running api in mode HTTPS"}}
[debug] [2021-05-21T10:51:48.121Z] [runtime-status] [9636] Attempting to listen to socketPath: \\?\pipe\C:\Users\eraktri\Documents\React Ebooks\ReactExamples\Amazon-full-stack\amazon-clone\functions\9636 {"metadata":{"emulator":{"name":"functions"},"function":{"name":"api"},"message":"[runtime-status] [9636] Attempting to listen to socketPath: \\\\?\\pipe\\C:\\Users\\eraktri\\Documents\\React Ebooks\\ReactExamples\\Amazon-full-stack\\amazon-clone\\functions\\9636"}}
[debug] [2021-05-21T10:51:48.127Z] [functions] Runtime ready! Sending request! {"metadata":{"emulator":{"name":"functions"},"message":"[functions] Runtime ready! Sending request!"}}
[debug] [2021-05-21T10:51:48.129Z] [functions] Got req.url=/challenge-c679c/us-central1/api/payments/create?total=23900, mapping to path=/payments/create?total=23900 {"metadata":{"emulator":{"name":"functions"},"message":"[functions] Got req.url=/challenge-c679c/us-central1/api/payments/create?total=23900, mapping to path=/payments/create?total=23900"}}
[debug] [2021-05-21T10:51:48.149Z] [runtime-status] [9636] Ephemeral server handling POST request {"metadata":{"emulator":{"name":"functions"},"function":{"name":"api"},"message":"[runtime-status] [9636] Ephemeral server handling POST request"}}
[info] >  Payment Request Recieved BOOM!!! for this amount  >>>  23900 {"user":"Payment Request Recieved BOOM!!! for this amount  >>>  23900","metadata":{"emulator":{"name":"functions"},"function":{"name":"api"},"message":"\u001b[90m> \u001b[39m Payment Request Recieved BOOM!!! for this amount  >>>  23900"}}
[debug] [2021-05-21T10:51:48.231Z] [runtime-status] [9636] Ephemeral server survived. {"metadata":{"emulator":{"name":"functions"},"function":{"name":"api"},"message":"[runtime-status] [9636] Ephemeral server survived."}}
[info] i  functions: Finished "api" in ~1s {"metadata":{"emulator":{"name":"functions"},"function":{"name":"api"},"message":"Finished \"api\" in ~1s"}}
[debug] [2021-05-21T10:51:49.053Z] [worker-api-f07ff703-8fcc-4072-87d1-0c40e53fa123]: IDLE {"metadata":{"emulator":{"name":"functions"},"message":"[worker-api-f07ff703-8fcc-4072-87d1-0c40e53fa123]: IDLE"}}
[debug] [2021-05-21T10:51:49.054Z] [work-queue] {"queueLength":0,"workRunningCount":0}
[debug] [2021-05-21T10:52:57.982Z] [work-queue] {"queueLength":1,"workRunningCount":0}
[debug] [2021-05-21T10:52:57.982Z] [work-queue] {"queueLength":0,"workRunningCount":1}
[debug] [2021-05-21T10:52:57.983Z] Accepted request POST /challenge-c679c/us-central1/api/payments/create?total=79898 --> api
[debug] [2021-05-21T10:52:57.983Z] [worker-pool] submitWork(triggerId=api) {"metadata":{"emulator":{"name":"functions"},"message":"[worker-pool] submitWork(triggerId=api)"}}
[debug] [2021-05-21T10:52:57.983Z] [worker-api-f07ff703-8fcc-4072-87d1-0c40e53fa123]: Assigning socketPath: \\?\pipe\C:\Users\eraktri\Documents\React Ebooks\ReactExamples\Amazon-full-stack\amazon-clone\functions\9636 {"metadata":{"emulator":{"name":"functions"},"message":"[worker-api-f07ff703-8fcc-4072-87d1-0c40e53fa123]: Assigning socketPath: \\\\?\\pipe\\C:\\Users\\eraktri\\Documents\\React Ebooks\\ReactExamples\\Amazon-full-stack\\amazon-clone\\functions\\9636"}}
[debug] [2021-05-21T10:52:57.984Z] [worker-api-f07ff703-8fcc-4072-87d1-0c40e53fa123]: BUSY {"metadata":{"emulator":{"name":"functions"},"message":"[worker-api-f07ff703-8fcc-4072-87d1-0c40e53fa123]: BUSY"}}
[debug] [2021-05-21T10:52:57.985Z] [runtime-status] [9636] Trigger "api" has been found, beginning invocation! {"metadata":{"emulator":{"name":"functions"},"function":{"name":"api"},"message":"[runtime-status] [9636] Trigger \"api\" has been found, beginning invocation!"}}
[info] i  functions: Beginning execution of "api" {"metadata":{"emulator":{"name":"functions"},"function":{"name":"api"},"message":"Beginning execution of \"api\""}}
[debug] [2021-05-21T10:52:57.988Z] [runtime-status] [9636] triggerDefinition {"httpsTrigger":{},"name":"api","entryPoint":"api"} {"metadata":{"emulator":{"name":"functions"},"function":{"name":"api"},"message":"[runtime-status] [9636] triggerDefinition {\"httpsTrigger\":{},\"name\":\"api\",\"entryPoint\":\"api\"}"}}
[debug] [2021-05-21T10:52:57.989Z] [runtime-status] [9636] Running api in mode HTTPS {"metadata":{"emulator":{"name":"functions"},"function":{"name":"api"},"message":"[runtime-status] [9636] Running api in mode HTTPS"}}
[debug] [2021-05-21T10:52:57.989Z] [runtime-status] [9636] Attempting to listen to socketPath: \\?\pipe\C:\Users\eraktri\Documents\React Ebooks\ReactExamples\Amazon-full-stack\amazon-clone\functions\9636 {"metadata":{"emulator":{"name":"functions"},"function":{"name":"api"},"message":"[runtime-status] [9636] Attempting to listen to socketPath: \\\\?\\pipe\\C:\\Users\\eraktri\\Documents\\React Ebooks\\ReactExamples\\Amazon-full-stack\\amazon-clone\\functions\\9636"}}
[debug] [2021-05-21T10:52:57.991Z] [functions] Runtime ready! Sending request! {"metadata":{"emulator":{"name":"functions"},"message":"[functions] Runtime ready! Sending request!"}}
[debug] [2021-05-21T10:52:57.992Z] [functions] Got req.url=/challenge-c679c/us-central1/api/payments/create?total=79898, mapping to path=/payments/create?total=79898 {"metadata":{"emulator":{"name":"functions"},"message":"[functions] Got req.url=/challenge-c679c/us-central1/api/payments/create?total=79898, mapping to path=/payments/create?total=79898"}}
[debug] [2021-05-21T10:52:57.996Z] [runtime-status] [9636] Ephemeral server handling POST request {"metadata":{"emulator":{"name":"functions"},"function":{"name":"api"},"message":"[runtime-status] [9636] Ephemeral server handling POST request"}}
[info] >  Payment Request Recieved BOOM!!! for this amount  >>>  79898 {"user":"Payment Request Recieved BOOM!!! for this amount  >>>  79898","metadata":{"emulator":{"name":"functions"},"function":{"name":"api"},"message":"\u001b[90m> \u001b[39m Payment Request Recieved BOOM!!! for this amount  >>>  79898"}}
[debug] [2021-05-21T10:52:58.000Z] [runtime-status] [9636] Ephemeral server survived. {"metadata":{"emulator":{"name":"functions"},"function":{"name":"api"},"message":"[runtime-status] [9636] Ephemeral server survived."}}
[info] i  functions: Finished "api" in ~1s {"metadata":{"emulator":{"name":"functions"},"function":{"name":"api"},"message":"Finished \"api\" in ~1s"}}
[debug] [2021-05-21T10:52:58.277Z] [worker-api-f07ff703-8fcc-4072-87d1-0c40e53fa123]: IDLE {"metadata":{"emulator":{"name":"functions"},"message":"[worker-api-f07ff703-8fcc-4072-87d1-0c40e53fa123]: IDLE"}}
[debug] [2021-05-21T10:52:58.278Z] [work-queue] {"queueLength":0,"workRunningCount":0}
[debug] [2021-05-21T10:53:39.331Z] [work-queue] {"queueLength":1,"workRunningCount":0}
[debug] [2021-05-21T10:53:39.331Z] [work-queue] {"queueLength":0,"workRunningCount":1}
[debug] [2021-05-21T10:53:39.332Z] Accepted request POST /challenge-c679c/us-central1/api/payments/create?total=0 --> api
[debug] [2021-05-21T10:53:39.332Z] [worker-pool] submitWork(triggerId=api) {"metadata":{"emulator":{"name":"functions"},"message":"[worker-pool] submitWork(triggerId=api)"}}
[debug] [2021-05-21T10:53:39.332Z] [worker-api-f07ff703-8fcc-4072-87d1-0c40e53fa123]: Assigning socketPath: \\?\pipe\C:\Users\eraktri\Documents\React Ebooks\ReactExamples\Amazon-full-stack\amazon-clone\functions\9636 {"metadata":{"emulator":{"name":"functions"},"message":"[worker-api-f07ff703-8fcc-4072-87d1-0c40e53fa123]: Assigning socketPath: \\\\?\\pipe\\C:\\Users\\eraktri\\Documents\\React Ebooks\\ReactExamples\\Amazon-full-stack\\amazon-clone\\functions\\9636"}}
[debug] [2021-05-21T10:53:39.333Z] [worker-api-f07ff703-8fcc-4072-87d1-0c40e53fa123]: BUSY {"metadata":{"emulator":{"name":"functions"},"message":"[worker-api-f07ff703-8fcc-4072-87d1-0c40e53fa123]: BUSY"}}
[debug] [2021-05-21T10:53:39.334Z] [runtime-status] [9636] Trigger "api" has been found, beginning invocation! {"metadata":{"emulator":{"name":"functions"},"function":{"name":"api"},"message":"[runtime-status] [9636] Trigger \"api\" has been found, beginning invocation!"}}
[info] i  functions: Beginning execution of "api" {"metadata":{"emulator":{"name":"functions"},"function":{"name":"api"},"message":"Beginning execution of \"api\""}}
[debug] [2021-05-21T10:53:39.337Z] [runtime-status] [9636] triggerDefinition {"httpsTrigger":{},"name":"api","entryPoint":"api"} {"metadata":{"emulator":{"name":"functions"},"function":{"name":"api"},"message":"[runtime-status] [9636] triggerDefinition {\"httpsTrigger\":{},\"name\":\"api\",\"entryPoint\":\"api\"}"}}
[debug] [2021-05-21T10:53:39.337Z] [runtime-status] [9636] Running api in mode HTTPS {"metadata":{"emulator":{"name":"functions"},"function":{"name":"api"},"message":"[runtime-status] [9636] Running api in mode HTTPS"}}
[debug] [2021-05-21T10:53:39.338Z] [runtime-status] [9636] Attempting to listen to socketPath: \\?\pipe\C:\Users\eraktri\Documents\React Ebooks\ReactExamples\Amazon-full-stack\amazon-clone\functions\9636 {"metadata":{"emulator":{"name":"functions"},"function":{"name":"api"},"message":"[runtime-status] [9636] Attempting to listen to socketPath: \\\\?\\pipe\\C:\\Users\\eraktri\\Documents\\React Ebooks\\ReactExamples\\Amazon-full-stack\\amazon-clone\\functions\\9636"}}
[debug] [2021-05-21T10:53:39.340Z] [functions] Runtime ready! Sending request! {"metadata":{"emulator":{"name":"functions"},"message":"[functions] Runtime ready! Sending request!"}}
[debug] [2021-05-21T10:53:39.341Z] [functions] Got req.url=/challenge-c679c/us-central1/api/payments/create?total=0, mapping to path=/payments/create?total=0 {"metadata":{"emulator":{"name":"functions"},"message":"[functions] Got req.url=/challenge-c679c/us-central1/api/payments/create?total=0, mapping to path=/payments/create?total=0"}}
[debug] [2021-05-21T10:53:39.347Z] [runtime-status] [9636] Ephemeral server handling POST request {"metadata":{"emulator":{"name":"functions"},"function":{"name":"api"},"message":"[runtime-status] [9636] Ephemeral server handling POST request"}}
[info] >  Payment Request Recieved BOOM!!! for this amount  >>>  0 {"user":"Payment Request Recieved BOOM!!! for this amount  >>>  0","metadata":{"emulator":{"name":"functions"},"function":{"name":"api"},"message":"\u001b[90m> \u001b[39m Payment Request Recieved BOOM!!! for this amount  >>>  0"}}
[debug] [2021-05-21T10:53:39.349Z] [runtime-status] [9636] Ephemeral server survived. {"metadata":{"emulator":{"name":"functions"},"function":{"name":"api"},"message":"[runtime-status] [9636] Ephemeral server survived."}}
[info] >  (node:9636) UnhandledPromiseRejectionWarning: Error: This value must be greater than or equal to 1. {"user":"(node:9636) UnhandledPromiseRejectionWarning: Error: This value must be greater than or equal to 1.","metadata":{"emulator":{"name":"functions"},"function":{"name":"api"},"message":"\u001b[90m> \u001b[39m (node:9636) UnhandledPromiseRejectionWarning: Error: This value must be greater than or equal to 1."}}
[info] >      at Function.generate (C:\Users\eraktri\Documents\React Ebooks\ReactExamples\Amazon-full-stack\amazon-clone\node_modules\stripe\lib\Error.js:40:16) {"user":"    at Function.generate (C:\\Users\\eraktri\\Documents\\React Ebooks\\ReactExamples\\Amazon-full-stack\\amazon-clone\\node_modules\\stripe\\lib\\Error.js:40:16)","metadata":{"emulator":{"name":"functions"},"function":{"name":"api"},"message":"\u001b[90m> \u001b[39m     at Function.generate (C:\\Users\\eraktri\\Documents\\React Ebooks\\ReactExamples\\Amazon-full-stack\\amazon-clone\\node_modules\\stripe\\lib\\Error.js:40:16)"}}
[info] >      at IncomingMessage.<anonymous> (C:\Users\eraktri\Documents\React Ebooks\ReactExamples\Amazon-full-stack\amazon-clone\node_modules\stripe\lib\StripeResource.js:180:33) {"user":"    at IncomingMessage.<anonymous> (C:\\Users\\eraktri\\Documents\\React Ebooks\\ReactExamples\\Amazon-full-stack\\amazon-clone\\node_modules\\stripe\\lib\\StripeResource.js:180:33)","metadata":{"emulator":{"name":"functions"},"function":{"name":"api"},"message":"\u001b[90m> \u001b[39m     at IncomingMessage.<anonymous> (C:\\Users\\eraktri\\Documents\\React Ebooks\\ReactExamples\\Amazon-full-stack\\amazon-clone\\node_modules\\stripe\\lib\\StripeResource.js:180:33)"}}
[info] >      at Object.onceWrapper (events.js:421:28) {"user":"    at Object.onceWrapper (events.js:421:28)","metadata":{"emulator":{"name":"functions"},"function":{"name":"api"},"message":"\u001b[90m> \u001b[39m     at Object.onceWrapper (events.js:421:28)"}}
[info] >      at IncomingMessage.emit (events.js:327:22) {"user":"    at IncomingMessage.emit (events.js:327:22)","metadata":{"emulator":{"name":"functions"},"function":{"name":"api"},"message":"\u001b[90m> \u001b[39m     at IncomingMessage.emit (events.js:327:22)"}}
[info] >      at endReadableNT (internal/streams/readable.js:1327:12) {"user":"    at endReadableNT (internal/streams/readable.js:1327:12)","metadata":{"emulator":{"name":"functions"},"function":{"name":"api"},"message":"\u001b[90m> \u001b[39m     at endReadableNT (internal/streams/readable.js:1327:12)"}}
[info] >      at processTicksAndRejections (internal/process/task_queues.js:80:21) {"user":"    at processTicksAndRejections (internal/process/task_queues.js:80:21)","metadata":{"emulator":{"name":"functions"},"function":{"name":"api"},"message":"\u001b[90m> \u001b[39m     at processTicksAndRejections (internal/process/task_queues.js:80:21)"}}
[info] >  (Use `node --trace-warnings ...` to show where the warning was created) {"user":"(Use `node --trace-warnings ...` to show where the warning was created)","metadata":{"emulator":{"name":"functions"},"function":{"name":"api"},"message":"\u001b[90m> \u001b[39m (Use `node --trace-warnings ...` to show where the warning was created)"}}
[info] >  (node:9636) UnhandledPromiseRejectionWarning: Unhandled promise rejection. This error originated either by throwing inside of an async function without a catch block, or by rejecting a promise which was not handled with .catch(). To terminate the node process on unhandled promise rejection, use the CLI flag `--unhandled-rejections=strict` (see https://nodejs.org/api/cli.html#cli_unhandled_rejections_mode). (rejection id: 1) {"user":"(node:9636) UnhandledPromiseRejectionWarning: Unhandled promise rejection. This error originated either by throwing inside of an async function without a catch block, or by rejecting a promise which was not handled with .catch(). To terminate the node process on unhandled promise rejection, use the CLI flag `--unhandled-rejections=strict` (see https://nodejs.org/api/cli.html#cli_unhandled_rejections_mode). (rejection id: 1)","metadata":{"emulator":{"name":"functions"},"function":{"name":"api"},"message":"\u001b[90m> \u001b[39m (node:9636) UnhandledPromiseRejectionWarning: Unhandled promise rejection. This error originated either by throwing inside of an async function without a catch block, or by rejecting a promise which was not handled with .catch(). To terminate the node process on unhandled promise rejection, use the CLI flag `--unhandled-rejections=strict` (see https://nodejs.org/api/cli.html#cli_unhandled_rejections_mode). (rejection id: 1)"}}
[info] >  (node:9636) [DEP0018] DeprecationWarning: Unhandled promise rejections are deprecated. In the future, promise rejections that are not handled will terminate the Node.js process with a non-zero exit code. {"user":"(node:9636) [DEP0018] DeprecationWarning: Unhandled promise rejections are deprecated. In the future, promise rejections that are not handled will terminate the Node.js process with a non-zero exit code.","metadata":{"emulator":{"name":"functions"},"function":{"name":"api"},"message":"\u001b[90m> \u001b[39m (node:9636) [DEP0018] DeprecationWarning: Unhandled promise rejections are deprecated. In the future, promise rejections that are not handled will terminate the Node.js process with a non-zero exit code."}}
[warn] !  functions: Your function timed out after ~60s. To configure this timeout, see
      https://firebase.google.com/docs/functions/manage-functions#set_timeout_and_memory_allocation. {"metadata":{"emulator":{"name":"functions"},"function":{"name":"api"},"message":"Your function timed out after ~60s. To configure this timeout, see\n      https://firebase.google.com/docs/functions/manage-functions#set_timeout_and_memory_allocation."}}
[info] >  C:\Users\eraktri\AppData\Roaming\npm\node_modules\firebase-tools\lib\emulator\functionsEmulatorRuntime.js:648 {"user":"C:\\Users\\eraktri\\AppData\\Roaming\\npm\\node_modules\\firebase-tools\\lib\\emulator\\functionsEmulatorRuntime.js:648\r","metadata":{"emulator":{"name":"functions"},"function":{"name":"api"},"message":"\u001b[90m> \u001b[39m C:\\Users\\eraktri\\AppData\\Roaming\\npm\\node_modules\\firebase-tools\\lib\\emulator\\functionsEmulatorRuntime.js:648\r"}}
[info] >              throw new Error("Function timed out."); {"user":"            throw new Error(\"Function timed out.\");\r","metadata":{"emulator":{"name":"functions"},"function":{"name":"api"},"message":"\u001b[90m> \u001b[39m             throw new Error(\"Function timed out.\");\r"}}
[info] >              ^ {"user":"            ^\r","metadata":{"emulator":{"name":"functions"},"function":{"name":"api"},"message":"\u001b[90m> \u001b[39m             ^\r"}}
[info] >   {"user":"\r","metadata":{"emulator":{"name":"functions"},"function":{"name":"api"},"message":"\u001b[90m> \u001b[39m \r"}}
[info] >  Error: Function timed out. {"user":"Error: Function timed out.\r","metadata":{"emulator":{"name":"functions"},"function":{"name":"api"},"message":"\u001b[90m> \u001b[39m Error: Function timed out.\r"}}
[info] >      at Timeout._onTimeout (C:\Users\eraktri\AppData\Roaming\npm\node_modules\firebase-tools\lib\emulator\functionsEmulatorRuntime.js:648:19) {"user":"    at Timeout._onTimeout (C:\\Users\\eraktri\\AppData\\Roaming\\npm\\node_modules\\firebase-tools\\lib\\emulator\\functionsEmulatorRuntime.js:648:19)\r","metadata":{"emulator":{"name":"functions"},"function":{"name":"api"},"message":"\u001b[90m> \u001b[39m     at Timeout._onTimeout (C:\\Users\\eraktri\\AppData\\Roaming\\npm\\node_modules\\firebase-tools\\lib\\emulator\\functionsEmulatorRuntime.js:648:19)\r"}}
[info] >      at listOnTimeout (internal/timers.js:554:17) {"user":"    at listOnTimeout (internal/timers.js:554:17)\r","metadata":{"emulator":{"name":"functions"},"function":{"name":"api"},"message":"\u001b[90m> \u001b[39m     at listOnTimeout (internal/timers.js:554:17)\r"}}
[info] >      at processTimers (internal/timers.js:497:7) {"user":"    at processTimers (internal/timers.js:497:7)\r","metadata":{"emulator":{"name":"functions"},"function":{"name":"api"},"message":"\u001b[90m> \u001b[39m     at processTimers (internal/timers.js:497:7)\r"}}
[debug] [2021-05-21T10:54:39.356Z] [worker-api-f07ff703-8fcc-4072-87d1-0c40e53fa123]: exited {"metadata":{"emulator":{"name":"functions"},"message":"[worker-api-f07ff703-8fcc-4072-87d1-0c40e53fa123]: exited"}}
[debug] [2021-05-21T10:54:39.357Z] [worker-api-f07ff703-8fcc-4072-87d1-0c40e53fa123]: FINISHED {"metadata":{"emulator":{"name":"functions"},"message":"[worker-api-f07ff703-8fcc-4072-87d1-0c40e53fa123]: FINISHED"}}
[debug] [2021-05-21T10:54:39.357Z] [work-queue] {"queueLength":0,"workRunningCount":0}
